<!DOCTYPE html>

<html>
  <head>
  <meta charset='utf-8'>
  <title>TestNG reports</title>

    <link type="text/css" href="testng-reports1.css" rel="stylesheet" id="ultra" />
    <link type="text/css" href="testng-reports.css" rel="stylesheet" id="retro" disabled="false"/>
    <script type="text/javascript" src="jquery.min.js"></script>
    <script type="text/javascript" src="testng-reports.js"></script>
    <script type="text/javascript" src="https://www.google.com/jsapi"></script>
    <script type='text/javascript'>
      google.load('visualization', '1', {packages:['table']});
      google.setOnLoadCallback(drawTable);
      var suiteTableInitFunctions = new Array();
      var suiteTableData = new Array();
    </script>
    <!--
      <script type="text/javascript" src="jquery-ui/js/jquery-ui-1.8.16.custom.min.js"></script>
     -->
  </head>

  <body>
    <div class="top-banner-root">
      <span class="top-banner-title-font">Test results</span>
      <button id="button" class="button">Switch Retro Theme</button> <!-- button -->
      <br/>
      <span class="top-banner-font-1">1 suite, 3 failed tests</span>
    </div> <!-- top-banner-root -->
    <div class="navigator-root">
      <div class="navigator-suite-header">
        <span>All suites</span>
        <a href="#" title="Collapse/expand all the suites" class="collapse-all-link">
          <img src="collapseall.gif" class="collapse-all-icon">
          </img> <!-- collapse-all-icon -->
        </a> <!-- collapse-all-link -->
      </div> <!-- navigator-suite-header -->
      <div class="suite">
        <div class="rounded-window">
          <div class="suite-header light-rounded-window-top">
            <a href="#" panel-name="suite-Suite" class="navigator-link">
              <span class="suite-name border-failed">Suite</span>
            </a> <!-- navigator-link -->
          </div> <!-- suite-header light-rounded-window-top -->
          <div class="navigator-suite-content">
            <div class="suite-section-title">
              <span>Info</span>
            </div> <!-- suite-section-title -->
            <div class="suite-section-content">
              <ul>
                <li>
                  <a href="#" panel-name="test-xml-Suite" class="navigator-link ">
                    <span>C:\Users\admin\eclipse-workspace\Web_Automation_Script\NewTestingFlow.xml</span>
                  </a> <!-- navigator-link  -->
                </li>
                <li>
                  <a href="#" panel-name="testlist-Suite" class="navigator-link ">
                    <span class="test-stats">4 tests</span>
                  </a> <!-- navigator-link  -->
                </li>
                <li>
                  <a href="#" panel-name="group-Suite" class="navigator-link ">
                    <span>0 groups</span>
                  </a> <!-- navigator-link  -->
                </li>
                <li>
                  <a href="#" panel-name="times-Suite" class="navigator-link ">
                    <span>Times</span>
                  </a> <!-- navigator-link  -->
                </li>
                <li>
                  <a href="#" panel-name="reporter-Suite" class="navigator-link ">
                    <span>Reporter output</span>
                  </a> <!-- navigator-link  -->
                </li>
                <li>
                  <a href="#" panel-name="ignored-methods-Suite" class="navigator-link ">
                    <span>Ignored methods</span>
                  </a> <!-- navigator-link  -->
                </li>
                <li>
                  <a href="#" panel-name="chronological-Suite" class="navigator-link ">
                    <span>Chronological view</span>
                  </a> <!-- navigator-link  -->
                </li>
              </ul>
            </div> <!-- suite-section-content -->
            <div class="result-section">
              <div class="suite-section-title">
                <span>Results</span>
              </div> <!-- suite-section-title -->
              <div class="suite-section-content">
                <ul>
                  <li>
                    <span class="method-stats">18 methods, 3 failed,   15 passed</span>
                  </li>
                  <li>
                    <span class="method-list-title failed">Failed methods</span>
                    <span class="show-or-hide-methods failed">
                      <a href="#" panel-name="suite-Suite" class="hide-methods failed suite-Suite"> (hide)</a> <!-- hide-methods failed suite-Suite -->
                      <a href="#" panel-name="suite-Suite" class="show-methods failed suite-Suite"> (show)</a> <!-- show-methods failed suite-Suite -->
                    </span>
                    <div class="method-list-content failed suite-Suite">
                      <span>
                        <img src="failed.png" width="3%"/>
                        <a href="#" panel-name="suite-Suite" title="Payments.alltypepayments" class="method navigator-link" hash-for-method="AdvancePayment">AdvancePayment</a> <!-- method navigator-link -->
                      </span>
                      <br/>
                      <span>
                        <img src="failed.png" width="3%"/>
                        <a href="#" panel-name="suite-Suite" title="Payments.alltypepayments" class="method navigator-link" hash-for-method="CashPayment">CashPayment</a> <!-- method navigator-link -->
                      </span>
                      <br/>
                      <span>
                        <img src="failed.png" width="3%"/>
                        <a href="#" panel-name="suite-Suite" title="Reports.ReportEngine" class="method navigator-link" hash-for-method="Karakarni_report">Karakarni_report</a> <!-- method navigator-link -->
                      </span>
                      <br/>
                    </div> <!-- method-list-content failed suite-Suite -->
                  </li>
                  <li>
                    <span class="method-list-title passed">Passed methods</span>
                    <span class="show-or-hide-methods passed">
                      <a href="#" panel-name="suite-Suite" class="hide-methods passed suite-Suite"> (hide)</a> <!-- hide-methods passed suite-Suite -->
                      <a href="#" panel-name="suite-Suite" class="show-methods passed suite-Suite"> (show)</a> <!-- show-methods passed suite-Suite -->
                    </span>
                    <div class="method-list-content passed suite-Suite">
                      <span>
                        <img src="passed.png" width="3%"/>
                        <a href="#" panel-name="suite-Suite" title="New_property_Wadhghat.CMS_Test" class="method navigator-link" hash-for-method="AddTaxes_and_UploadFiles">AddTaxes_and_UploadFiles</a> <!-- method navigator-link -->
                      </span>
                      <br/>
                      <span>
                        <img src="passed.png" width="3%"/>
                        <a href="#" panel-name="suite-Suite" title="New_property_Wadhghat.CMS_Test" class="method navigator-link" hash-for-method="Dataentry_floor_info">Dataentry_floor_info</a> <!-- method navigator-link -->
                      </span>
                      <br/>
                      <span>
                        <img src="passed.png" width="3%"/>
                        <a href="#" panel-name="suite-Suite" title="New_property_Wadhghat.CMS_Test" class="method navigator-link" hash-for-method="Dataentry_owner_info">Dataentry_owner_info</a> <!-- method navigator-link -->
                      </span>
                      <br/>
                      <span>
                        <img src="passed.png" width="3%"/>
                        <a href="#" panel-name="suite-Suite" title="Reports.ReportEngine" class="method navigator-link" hash-for-method="Notice_report">Notice_report</a> <!-- method navigator-link -->
                      </span>
                      <br/>
                      <span>
                        <img src="passed.png" width="3%"/>
                        <a href="#" panel-name="suite-Suite" title="New_property_Wadhghat.CMS_Test" class="method navigator-link" hash-for-method="OldTaxex_info">OldTaxex_info</a> <!-- method navigator-link -->
                      </span>
                      <br/>
                      <span>
                        <img src="passed.png" width="3%"/>
                        <a href="#" panel-name="suite-Suite" title="New_property_Wadhghat.CMS_Test" class="method navigator-link" hash-for-method="WadhghatApproval">WadhghatApproval</a> <!-- method navigator-link -->
                      </span>
                      <br/>
                      <span>
                        <img src="passed.png" width="3%"/>
                        <a href="#" panel-name="suite-Suite" title="Payments.alltypepayments" class="method navigator-link" hash-for-method="chequePayment">chequePayment</a> <!-- method navigator-link -->
                      </span>
                      <br/>
                      <span>
                        <img src="passed.png" width="3%"/>
                        <a href="#" panel-name="suite-Suite" title="Payments.alltypepayments" class="method navigator-link" hash-for-method="cheque_fail">cheque_fail</a> <!-- method navigator-link -->
                      </span>
                      <br/>
                      <span>
                        <img src="passed.png" width="3%"/>
                        <a href="#" panel-name="suite-Suite" title="New_property_Wadhghat.CMS_Test" class="method navigator-link" hash-for-method="cmsComplaintRegisterWadhghat">cmsComplaintRegisterWadhghat</a> <!-- method navigator-link -->
                      </span>
                      <br/>
                      <span>
                        <img src="passed.png" width="3%"/>
                        <a href="#" panel-name="suite-Suite" title="New_property_Wadhghat.CMS_Test" class="method navigator-link" hash-for-method="cmsPageWadhghat">cmsPageWadhghat</a> <!-- method navigator-link -->
                      </span>
                      <br/>
                      <span>
                        <img src="passed.png" width="3%"/>
                        <a href="#" panel-name="suite-Suite" title="New_property_Wadhghat.CMS_Test" class="method navigator-link" hash-for-method="cmsRegisterPageWadhghat">cmsRegisterPageWadhghat</a> <!-- method navigator-link -->
                      </span>
                      <br/>
                      <span>
                        <img src="passed.png" width="3%"/>
                        <a href="#" panel-name="suite-Suite" title="Reports.CollectionReports" class="method navigator-link" hash-for-method="collectiontest">collectiontest</a> <!-- method navigator-link -->
                      </span>
                      <br/>
                      <span>
                        <img src="passed.png" width="3%"/>
                        <a href="#" panel-name="suite-Suite" title="New_property_Wadhghat.CMS_Test" class="method navigator-link" hash-for-method="councilapproval">councilapproval</a> <!-- method navigator-link -->
                      </span>
                      <br/>
                      <span>
                        <img src="passed.png" width="3%"/>
                        <a href="#" panel-name="suite-Suite" title="New_property_Wadhghat.CMS_Test" class="method navigator-link" hash-for-method="loginPage">loginPage</a> <!-- method navigator-link -->
                      </span>
                      <br/>
                      <span>
                        <img src="passed.png" width="3%"/>
                        <a href="#" panel-name="suite-Suite" title="New_property_Wadhghat.CMS_Test" class="method navigator-link" hash-for-method="searchComplaintWadhghat">searchComplaintWadhghat</a> <!-- method navigator-link -->
                      </span>
                      <br/>
                    </div> <!-- method-list-content passed suite-Suite -->
                  </li>
                </ul>
              </div> <!-- suite-section-content -->
            </div> <!-- result-section -->
          </div> <!-- navigator-suite-content -->
        </div> <!-- rounded-window -->
      </div> <!-- suite -->
    </div> <!-- navigator-root -->
    <div class="wrapper">
      <div class="main-panel-root">
        <div panel-name="suite-Suite" class="panel Suite">
          <div class="suite-Suite-class-failed">
            <div class="main-panel-header rounded-window-top">
              <img src="failed.png"/>
              <span class="class-name">Reports.ReportEngine</span>
            </div> <!-- main-panel-header rounded-window-top -->
            <div class="main-panel-content rounded-window-bottom">
              <div class="method">
                <div class="method-content">
                  <a name="Karakarni_report">
                  </a> <!-- Karakarni_report -->
                  <span class="method-name">Karakarni_report</span>
                  <div class="stack-trace">org.openqa.selenium.StaleElementReferenceException: stale element reference: stale element not found in the current frame
  (Session info: chrome=130.0.6723.70)
For documentation on this error, please visit: https://www.selenium.dev/documentation/webdriver/troubleshooting/errors#stale-element-reference-exception
Build info: version: &apos;4.19.1&apos;, revision: &apos;abe0ee07dc&apos;
System info: os.name: &apos;Windows 10&apos;, os.arch: &apos;amd64&apos;, os.version: &apos;10.0&apos;, java.version: &apos;23&apos;
Driver info: org.openqa.selenium.chrome.ChromeDriver
Command: [a396c605533e9791969b0f5ba43d7afe, clickElement {id=f.4F6C6AABCFEF06A1B52741D935C664F5.d.E7A3A8E9362D36CD570E56D357502667.e.11200}]
Capabilities {acceptInsecureCerts: false, browserName: chrome, browserVersion: 130.0.6723.70, chrome: {chromedriverVersion: 130.0.6723.69 (3ec172b971b9..., userDataDir: C:\Users\admin\AppData\Loca...}, fedcm:accounts: true, goog:chromeOptions: {debuggerAddress: localhost:53347}, networkConnectionEnabled: false, pageLoadStrategy: normal, platformName: windows, proxy: Proxy(), se:cdp: ws://localhost:53347/devtoo..., se:cdpVersion: 130.0.6723.70, setWindowRect: true, strictFileInteractability: false, timeouts: {implicit: 0, pageLoad: 300000, script: 30000}, unhandledPromptBehavior: dismiss and notify, webauthn:extension:credBlob: true, webauthn:extension:largeBlob: true, webauthn:extension:minPinLength: true, webauthn:extension:prf: true, webauthn:virtualAuthenticators: true}
Element: [[ChromeDriver: chrome on windows (a396c605533e9791969b0f5ba43d7afe)] -&gt; xpath: //input[@id=&apos;ContentPlaceHolder1_btnExportpropwise&apos;]]
Session ID: a396c605533e9791969b0f5ba43d7afe
	at org.openqa.selenium.remote.ErrorCodec.decode(ErrorCodec.java:167)
	at org.openqa.selenium.remote.codec.w3c.W3CHttpResponseCodec.decode(W3CHttpResponseCodec.java:138)
	at org.openqa.selenium.remote.codec.w3c.W3CHttpResponseCodec.decode(W3CHttpResponseCodec.java:50)
	at org.openqa.selenium.remote.HttpCommandExecutor.execute(HttpCommandExecutor.java:190)
	at org.openqa.selenium.remote.service.DriverCommandExecutor.invokeExecute(DriverCommandExecutor.java:216)
	at org.openqa.selenium.remote.service.DriverCommandExecutor.execute(DriverCommandExecutor.java:174)
	at org.openqa.selenium.remote.RemoteWebDriver.execute(RemoteWebDriver.java:518)
	at org.openqa.selenium.remote.RemoteWebElement.execute(RemoteWebElement.java:223)
	at org.openqa.selenium.remote.RemoteWebElement.click(RemoteWebElement.java:76)
	at org.openqa.selenium.support.pagefactory.internal.LocatingElementHandler.invoke(LocatingElementHandler.java:51)
	at jdk.proxy2/jdk.proxy2.$Proxy18.click(Unknown Source)
	at pom.ReportEnginePage.Export_btn(ReportEnginePage.java:92)
	at Reports.ReportEngine.Karakarni_report(ReportEngine.java:118)
	at java.base/java.util.ArrayList.forEach(ArrayList.java:1597)
... Removed 30 stack frames
</div> <!-- stack-trace -->
                </div> <!-- method-content -->
              </div> <!-- method -->
            </div> <!-- main-panel-content rounded-window-bottom -->
          </div> <!-- suite-Suite-class-failed -->
          <div class="suite-Suite-class-failed">
            <div class="main-panel-header rounded-window-top">
              <img src="failed.png"/>
              <span class="class-name">Payments.alltypepayments</span>
            </div> <!-- main-panel-header rounded-window-top -->
            <div class="main-panel-content rounded-window-bottom">
              <div class="method">
                <div class="method-content">
                  <a name="AdvancePayment">
                  </a> <!-- AdvancePayment -->
                  <span class="method-name">AdvancePayment</span>
                  <div class="stack-trace">org.openqa.selenium.TimeoutException: Expected condition failed: waiting for visibility of Proxy element for: DefaultElementLocator &apos;By.xpath: //*[@id=&quot;ContentPlaceHolder1_GVDownloads&quot;]/tbody/tr[1]/th[1]&apos; (tried for 60 second(s) with 500 milliseconds interval)
	at org.openqa.selenium.support.ui.WebDriverWait.timeoutException(WebDriverWait.java:84)
	at org.openqa.selenium.support.ui.FluentWait.until(FluentWait.java:228)
	at pom.CounterPaymentPage.label_downloadReceipt(CounterPaymentPage.java:957)
	at Payments.alltypepayments.AdvancePayment(alltypepayments.java:234)
	at java.base/java.util.ArrayList.forEach(ArrayList.java:1597)
Caused by: org.openqa.selenium.NoSuchElementException: no such element: Unable to locate element: {&quot;method&quot;:&quot;xpath&quot;,&quot;selector&quot;:&quot;//*[@id=&quot;ContentPlaceHolder1_GVDownloads&quot;]/tbody/tr[1]/th[1]&quot;}
  (Session info: chrome=130.0.6723.70)
For documentation on this error, please visit: https://www.selenium.dev/documentation/webdriver/troubleshooting/errors#no-such-element-exception
Build info: version: &apos;4.19.1&apos;, revision: &apos;abe0ee07dc&apos;
System info: os.name: &apos;Windows 10&apos;, os.arch: &apos;amd64&apos;, os.version: &apos;10.0&apos;, java.version: &apos;23&apos;
Driver info: org.openqa.selenium.chrome.ChromeDriver
Command: [a396c605533e9791969b0f5ba43d7afe, findElement {value=//*[@id=&quot;ContentPlaceHolder1_GVDownloads&quot;]/tbody/tr[1]/th[1], using=xpath}]
Capabilities {acceptInsecureCerts: false, browserName: chrome, browserVersion: 130.0.6723.70, chrome: {chromedriverVersion: 130.0.6723.69 (3ec172b971b9..., userDataDir: C:\Users\admin\AppData\Loca...}, fedcm:accounts: true, goog:chromeOptions: {debuggerAddress: localhost:53347}, networkConnectionEnabled: false, pageLoadStrategy: normal, platformName: windows, proxy: Proxy(), se:cdp: ws://localhost:53347/devtoo..., se:cdpVersion: 130.0.6723.70, setWindowRect: true, strictFileInteractability: false, timeouts: {implicit: 0, pageLoad: 300000, script: 30000}, unhandledPromptBehavior: dismiss and notify, webauthn:extension:credBlob: true, webauthn:extension:largeBlob: true, webauthn:extension:minPinLength: true, webauthn:extension:prf: true, webauthn:virtualAuthenticators: true}
Session ID: a396c605533e9791969b0f5ba43d7afe
	at org.openqa.selenium.remote.ErrorCodec.decode(ErrorCodec.java:167)
	at org.openqa.selenium.remote.codec.w3c.W3CHttpResponseCodec.decode(W3CHttpResponseCodec.java:138)
	at org.openqa.selenium.remote.codec.w3c.W3CHttpResponseCodec.decode(W3CHttpResponseCodec.java:50)
	at org.openqa.selenium.remote.HttpCommandExecutor.execute(HttpCommandExecutor.java:190)
	at org.openqa.selenium.remote.service.DriverCommandExecutor.invokeExecute(DriverCommandExecutor.java:216)
	at org.openqa.selenium.remote.service.DriverCommandExecutor.execute(DriverCommandExecutor.java:174)
	at org.openqa.selenium.remote.RemoteWebDriver.execute(RemoteWebDriver.java:518)
	at org.openqa.selenium.remote.ElementLocation$ElementFinder$2.findElement(ElementLocation.java:165)
	at org.openqa.selenium.remote.ElementLocation.findElement(ElementLocation.java:59)
	at org.openqa.selenium.remote.RemoteWebDriver.findElement(RemoteWebDriver.java:355)
	at org.openqa.selenium.remote.RemoteWebDriver.findElement(RemoteWebDriver.java:349)
	at org.openqa.selenium.support.pagefactory.DefaultElementLocator.findElement(DefaultElementLocator.java:68)
	at org.openqa.selenium.support.pagefactory.internal.LocatingElementHandler.invoke(LocatingElementHandler.java:38)
	at jdk.proxy2/jdk.proxy2.$Proxy18.isDisplayed(Unknown Source)
	at org.openqa.selenium.support.ui.ExpectedConditions.elementIfVisible(ExpectedConditions.java:304)
	at org.openqa.selenium.support.ui.ExpectedConditions$10.apply(ExpectedConditions.java:290)
	at org.openqa.selenium.support.ui.ExpectedConditions$10.apply(ExpectedConditions.java:287)
	at org.openqa.selenium.support.ui.FluentWait.until(FluentWait.java:203)
	... 28 more
... Removed 28 stack frames
</div> <!-- stack-trace -->
                </div> <!-- method-content -->
              </div> <!-- method -->
              <div class="method">
                <div class="method-content">
                  <a name="CashPayment">
                  </a> <!-- CashPayment -->
                  <span class="method-name">CashPayment</span>
                  <div class="stack-trace">org.openqa.selenium.TimeoutException: Expected condition failed: waiting for visibility of Proxy element for: DefaultElementLocator &apos;By.xpath: //*[@id=&quot;ContentPlaceHolder1_GVDownloads&quot;]/tbody/tr[1]/th[1]&apos; (tried for 60 second(s) with 500 milliseconds interval)
	at org.openqa.selenium.support.ui.WebDriverWait.timeoutException(WebDriverWait.java:84)
	at org.openqa.selenium.support.ui.FluentWait.until(FluentWait.java:228)
	at pom.CounterPaymentPage.label_downloadReceipt(CounterPaymentPage.java:957)
	at Payments.alltypepayments.CashPayment(alltypepayments.java:149)
	at java.base/java.util.ArrayList.forEach(ArrayList.java:1597)
Caused by: org.openqa.selenium.NoSuchElementException: no such element: Unable to locate element: {&quot;method&quot;:&quot;xpath&quot;,&quot;selector&quot;:&quot;//*[@id=&quot;ContentPlaceHolder1_GVDownloads&quot;]/tbody/tr[1]/th[1]&quot;}
  (Session info: chrome=130.0.6723.70)
For documentation on this error, please visit: https://www.selenium.dev/documentation/webdriver/troubleshooting/errors#no-such-element-exception
Build info: version: &apos;4.19.1&apos;, revision: &apos;abe0ee07dc&apos;
System info: os.name: &apos;Windows 10&apos;, os.arch: &apos;amd64&apos;, os.version: &apos;10.0&apos;, java.version: &apos;23&apos;
Driver info: org.openqa.selenium.chrome.ChromeDriver
Command: [a396c605533e9791969b0f5ba43d7afe, findElement {value=//*[@id=&quot;ContentPlaceHolder1_GVDownloads&quot;]/tbody/tr[1]/th[1], using=xpath}]
Capabilities {acceptInsecureCerts: false, browserName: chrome, browserVersion: 130.0.6723.70, chrome: {chromedriverVersion: 130.0.6723.69 (3ec172b971b9..., userDataDir: C:\Users\admin\AppData\Loca...}, fedcm:accounts: true, goog:chromeOptions: {debuggerAddress: localhost:53347}, networkConnectionEnabled: false, pageLoadStrategy: normal, platformName: windows, proxy: Proxy(), se:cdp: ws://localhost:53347/devtoo..., se:cdpVersion: 130.0.6723.70, setWindowRect: true, strictFileInteractability: false, timeouts: {implicit: 0, pageLoad: 300000, script: 30000}, unhandledPromptBehavior: dismiss and notify, webauthn:extension:credBlob: true, webauthn:extension:largeBlob: true, webauthn:extension:minPinLength: true, webauthn:extension:prf: true, webauthn:virtualAuthenticators: true}
Session ID: a396c605533e9791969b0f5ba43d7afe
	at org.openqa.selenium.remote.ErrorCodec.decode(ErrorCodec.java:167)
	at org.openqa.selenium.remote.codec.w3c.W3CHttpResponseCodec.decode(W3CHttpResponseCodec.java:138)
	at org.openqa.selenium.remote.codec.w3c.W3CHttpResponseCodec.decode(W3CHttpResponseCodec.java:50)
	at org.openqa.selenium.remote.HttpCommandExecutor.execute(HttpCommandExecutor.java:190)
	at org.openqa.selenium.remote.service.DriverCommandExecutor.invokeExecute(DriverCommandExecutor.java:216)
	at org.openqa.selenium.remote.service.DriverCommandExecutor.execute(DriverCommandExecutor.java:174)
	at org.openqa.selenium.remote.RemoteWebDriver.execute(RemoteWebDriver.java:518)
	at org.openqa.selenium.remote.ElementLocation$ElementFinder$2.findElement(ElementLocation.java:165)
	at org.openqa.selenium.remote.ElementLocation.findElement(ElementLocation.java:59)
	at org.openqa.selenium.remote.RemoteWebDriver.findElement(RemoteWebDriver.java:355)
	at org.openqa.selenium.remote.RemoteWebDriver.findElement(RemoteWebDriver.java:349)
	at org.openqa.selenium.support.pagefactory.DefaultElementLocator.findElement(DefaultElementLocator.java:68)
	at org.openqa.selenium.support.pagefactory.internal.LocatingElementHandler.invoke(LocatingElementHandler.java:38)
	at jdk.proxy2/jdk.proxy2.$Proxy18.isDisplayed(Unknown Source)
	at org.openqa.selenium.support.ui.ExpectedConditions.elementIfVisible(ExpectedConditions.java:304)
	at org.openqa.selenium.support.ui.ExpectedConditions$10.apply(ExpectedConditions.java:290)
	at org.openqa.selenium.support.ui.ExpectedConditions$10.apply(ExpectedConditions.java:287)
	at org.openqa.selenium.support.ui.FluentWait.until(FluentWait.java:203)
	... 28 more
... Removed 28 stack frames
</div> <!-- stack-trace -->
                </div> <!-- method-content -->
              </div> <!-- method -->
            </div> <!-- main-panel-content rounded-window-bottom -->
          </div> <!-- suite-Suite-class-failed -->
          <div class="suite-Suite-class-passed">
            <div class="main-panel-header rounded-window-top">
              <img src="passed.png"/>
              <span class="class-name">Reports.ReportEngine</span>
            </div> <!-- main-panel-header rounded-window-top -->
            <div class="main-panel-content rounded-window-bottom">
              <div class="method">
                <div class="method-content">
                  <a name="Notice_report">
                  </a> <!-- Notice_report -->
                  <span class="method-name">Notice_report</span>
                </div> <!-- method-content -->
              </div> <!-- method -->
            </div> <!-- main-panel-content rounded-window-bottom -->
          </div> <!-- suite-Suite-class-passed -->
          <div class="suite-Suite-class-passed">
            <div class="main-panel-header rounded-window-top">
              <img src="passed.png"/>
              <span class="class-name">Payments.alltypepayments</span>
            </div> <!-- main-panel-header rounded-window-top -->
            <div class="main-panel-content rounded-window-bottom">
              <div class="method">
                <div class="method-content">
                  <a name="chequePayment">
                  </a> <!-- chequePayment -->
                  <span class="method-name">chequePayment</span>
                </div> <!-- method-content -->
              </div> <!-- method -->
              <div class="method">
                <div class="method-content">
                  <a name="cheque_fail">
                  </a> <!-- cheque_fail -->
                  <span class="method-name">cheque_fail</span>
                </div> <!-- method-content -->
              </div> <!-- method -->
            </div> <!-- main-panel-content rounded-window-bottom -->
          </div> <!-- suite-Suite-class-passed -->
          <div class="suite-Suite-class-passed">
            <div class="main-panel-header rounded-window-top">
              <img src="passed.png"/>
              <span class="class-name">New_property_Wadhghat.CMS_Test</span>
            </div> <!-- main-panel-header rounded-window-top -->
            <div class="main-panel-content rounded-window-bottom">
              <div class="method">
                <div class="method-content">
                  <a name="AddTaxes_and_UploadFiles">
                  </a> <!-- AddTaxes_and_UploadFiles -->
                  <span class="method-name">AddTaxes_and_UploadFiles</span>
                </div> <!-- method-content -->
              </div> <!-- method -->
              <div class="method">
                <div class="method-content">
                  <a name="Dataentry_floor_info">
                  </a> <!-- Dataentry_floor_info -->
                  <span class="method-name">Dataentry_floor_info</span>
                </div> <!-- method-content -->
              </div> <!-- method -->
              <div class="method">
                <div class="method-content">
                  <a name="Dataentry_owner_info">
                  </a> <!-- Dataentry_owner_info -->
                  <span class="method-name">Dataentry_owner_info</span>
                </div> <!-- method-content -->
              </div> <!-- method -->
              <div class="method">
                <div class="method-content">
                  <a name="OldTaxex_info">
                  </a> <!-- OldTaxex_info -->
                  <span class="method-name">OldTaxex_info</span>
                </div> <!-- method-content -->
              </div> <!-- method -->
              <div class="method">
                <div class="method-content">
                  <a name="WadhghatApproval">
                  </a> <!-- WadhghatApproval -->
                  <span class="method-name">WadhghatApproval</span>
                </div> <!-- method-content -->
              </div> <!-- method -->
              <div class="method">
                <div class="method-content">
                  <a name="cmsComplaintRegisterWadhghat">
                  </a> <!-- cmsComplaintRegisterWadhghat -->
                  <span class="method-name">cmsComplaintRegisterWadhghat</span>
                </div> <!-- method-content -->
              </div> <!-- method -->
              <div class="method">
                <div class="method-content">
                  <a name="cmsPageWadhghat">
                  </a> <!-- cmsPageWadhghat -->
                  <span class="method-name">cmsPageWadhghat</span>
                </div> <!-- method-content -->
              </div> <!-- method -->
              <div class="method">
                <div class="method-content">
                  <a name="cmsRegisterPageWadhghat">
                  </a> <!-- cmsRegisterPageWadhghat -->
                  <span class="method-name">cmsRegisterPageWadhghat</span>
                </div> <!-- method-content -->
              </div> <!-- method -->
              <div class="method">
                <div class="method-content">
                  <a name="councilapproval">
                  </a> <!-- councilapproval -->
                  <span class="method-name">councilapproval</span>
                </div> <!-- method-content -->
              </div> <!-- method -->
              <div class="method">
                <div class="method-content">
                  <a name="loginPage">
                  </a> <!-- loginPage -->
                  <span class="method-name">loginPage</span>
                </div> <!-- method-content -->
              </div> <!-- method -->
              <div class="method">
                <div class="method-content">
                  <a name="searchComplaintWadhghat">
                  </a> <!-- searchComplaintWadhghat -->
                  <span class="method-name">searchComplaintWadhghat</span>
                </div> <!-- method-content -->
              </div> <!-- method -->
            </div> <!-- main-panel-content rounded-window-bottom -->
          </div> <!-- suite-Suite-class-passed -->
          <div class="suite-Suite-class-passed">
            <div class="main-panel-header rounded-window-top">
              <img src="passed.png"/>
              <span class="class-name">Reports.CollectionReports</span>
            </div> <!-- main-panel-header rounded-window-top -->
            <div class="main-panel-content rounded-window-bottom">
              <div class="method">
                <div class="method-content">
                  <a name="collectiontest">
                  </a> <!-- collectiontest -->
                  <span class="method-name">collectiontest</span>
                </div> <!-- method-content -->
              </div> <!-- method -->
            </div> <!-- main-panel-content rounded-window-bottom -->
          </div> <!-- suite-Suite-class-passed -->
        </div> <!-- panel Suite -->
        <div panel-name="test-xml-Suite" class="panel">
          <div class="main-panel-header rounded-window-top">
            <span class="header-content">C:\Users\admin\eclipse-workspace\Web_Automation_Script\NewTestingFlow.xml</span>
          </div> <!-- main-panel-header rounded-window-top -->
          <div class="main-panel-content rounded-window-bottom">
            <pre>
&lt;?xml version=&quot;1.0&quot; encoding=&quot;UTF-8&quot;?&gt;
&lt;!DOCTYPE suite SYSTEM &quot;https://testng.org/testng-1.0.dtd&quot;&gt;
&lt;suite name=&quot;Suite&quot; guice-stage=&quot;DEVELOPMENT&quot;&gt;
  &lt;test thread-count=&quot;5&quot; name=&quot;CreateNewProperty&quot;&gt;
    &lt;classes&gt;
      &lt;class name=&quot;New_property_Wadhghat.CMS_Test&quot;/&gt;
    &lt;/classes&gt;
  &lt;/test&gt; &lt;!-- CreateNewProperty --&gt;
  &lt;test thread-count=&quot;5&quot; name=&quot;All Payments&quot;&gt;
    &lt;classes&gt;
      &lt;class name=&quot;Payments.alltypepayments&quot;/&gt;
    &lt;/classes&gt;
  &lt;/test&gt; &lt;!-- All Payments --&gt;
  &lt;test thread-count=&quot;5&quot; name=&quot;CollectionReport&quot;&gt;
    &lt;classes&gt;
      &lt;class name=&quot;Reports.CollectionReports&quot;/&gt;
    &lt;/classes&gt;
  &lt;/test&gt; &lt;!-- CollectionReport --&gt;
  &lt;test thread-count=&quot;5&quot; name=&quot;ReportEngine&quot;&gt;
    &lt;classes&gt;
      &lt;class name=&quot;Reports.ReportEngine&quot;/&gt;
    &lt;/classes&gt;
  &lt;/test&gt; &lt;!-- ReportEngine --&gt;
&lt;/suite&gt; &lt;!-- Suite --&gt;
            </pre>
          </div> <!-- main-panel-content rounded-window-bottom -->
        </div> <!-- panel -->
        <div panel-name="testlist-Suite" class="panel">
          <div class="main-panel-header rounded-window-top">
            <span class="header-content">Tests for Suite</span>
          </div> <!-- main-panel-header rounded-window-top -->
          <div class="main-panel-content rounded-window-bottom">
            <ul>
              <li>
                <span class="test-name">CreateNewProperty (1 class)</span>
              </li>
              <li>
                <span class="test-name">All Payments (1 class)</span>
              </li>
              <li>
                <span class="test-name">CollectionReport (1 class)</span>
              </li>
              <li>
                <span class="test-name">ReportEngine (1 class)</span>
              </li>
            </ul>
          </div> <!-- main-panel-content rounded-window-bottom -->
        </div> <!-- panel -->
        <div panel-name="group-Suite" class="panel">
          <div class="main-panel-header rounded-window-top">
            <span class="header-content">Groups for Suite</span>
          </div> <!-- main-panel-header rounded-window-top -->
          <div class="main-panel-content rounded-window-bottom">
          </div> <!-- main-panel-content rounded-window-bottom -->
        </div> <!-- panel -->
        <div panel-name="times-Suite" class="panel">
          <div class="main-panel-header rounded-window-top">
            <span class="header-content">Times for Suite</span>
          </div> <!-- main-panel-header rounded-window-top -->
          <div class="main-panel-content rounded-window-bottom">
            <div class="times-div">
              <script type="text/javascript">
suiteTableInitFunctions.push('tableData_Suite');
function tableData_Suite() {
var data = new google.visualization.DataTable();
data.addColumn('number', 'Number');
data.addColumn('string', 'Method');
data.addColumn('string', 'Class');
data.addColumn('number', 'Time (ms)');
data.addRows(18);
data.setCell(0, 0, 0)
data.setCell(0, 1, 'CashPayment')
data.setCell(0, 2, 'Payments.alltypepayments')
data.setCell(0, 3, 187282);
data.setCell(1, 0, 1)
data.setCell(1, 1, 'AdvancePayment')
data.setCell(1, 2, 'Payments.alltypepayments')
data.setCell(1, 3, 162234);
data.setCell(2, 0, 2)
data.setCell(2, 1, 'AddTaxes_and_UploadFiles')
data.setCell(2, 2, 'New_property_Wadhghat.CMS_Test')
data.setCell(2, 3, 157165);
data.setCell(3, 0, 3)
data.setCell(3, 1, 'councilapproval')
data.setCell(3, 2, 'New_property_Wadhghat.CMS_Test')
data.setCell(3, 3, 96484);
data.setCell(4, 0, 4)
data.setCell(4, 1, 'OldTaxex_info')
data.setCell(4, 2, 'New_property_Wadhghat.CMS_Test')
data.setCell(4, 3, 94481);
data.setCell(5, 0, 5)
data.setCell(5, 1, 'chequePayment')
data.setCell(5, 2, 'Payments.alltypepayments')
data.setCell(5, 3, 89995);
data.setCell(6, 0, 6)
data.setCell(6, 1, 'cheque_fail')
data.setCell(6, 2, 'Payments.alltypepayments')
data.setCell(6, 3, 89459);
data.setCell(7, 0, 7)
data.setCell(7, 1, 'Notice_report')
data.setCell(7, 2, 'Reports.ReportEngine')
data.setCell(7, 3, 76458);
data.setCell(8, 0, 8)
data.setCell(8, 1, 'collectiontest')
data.setCell(8, 2, 'Reports.CollectionReports')
data.setCell(8, 3, 72317);
data.setCell(9, 0, 9)
data.setCell(9, 1, 'Dataentry_floor_info')
data.setCell(9, 2, 'New_property_Wadhghat.CMS_Test')
data.setCell(9, 3, 65994);
data.setCell(10, 0, 10)
data.setCell(10, 1, 'Karakarni_report')
data.setCell(10, 2, 'Reports.ReportEngine')
data.setCell(10, 3, 52884);
data.setCell(11, 0, 11)
data.setCell(11, 1, 'Dataentry_owner_info')
data.setCell(11, 2, 'New_property_Wadhghat.CMS_Test')
data.setCell(11, 3, 44946);
data.setCell(12, 0, 12)
data.setCell(12, 1, 'searchComplaintWadhghat')
data.setCell(12, 2, 'New_property_Wadhghat.CMS_Test')
data.setCell(12, 3, 43082);
data.setCell(13, 0, 13)
data.setCell(13, 1, 'WadhghatApproval')
data.setCell(13, 2, 'New_property_Wadhghat.CMS_Test')
data.setCell(13, 3, 36660);
data.setCell(14, 0, 14)
data.setCell(14, 1, 'loginPage')
data.setCell(14, 2, 'New_property_Wadhghat.CMS_Test')
data.setCell(14, 3, 33313);
data.setCell(15, 0, 15)
data.setCell(15, 1, 'cmsRegisterPageWadhghat')
data.setCell(15, 2, 'New_property_Wadhghat.CMS_Test')
data.setCell(15, 3, 28730);
data.setCell(16, 0, 16)
data.setCell(16, 1, 'cmsComplaintRegisterWadhghat')
data.setCell(16, 2, 'New_property_Wadhghat.CMS_Test')
data.setCell(16, 3, 24619);
data.setCell(17, 0, 17)
data.setCell(17, 1, 'cmsPageWadhghat')
data.setCell(17, 2, 'New_property_Wadhghat.CMS_Test')
data.setCell(17, 3, 20933);
window.suiteTableData['Suite']= { tableData: data, tableDiv: 'times-div-Suite'}
return data;
}
              </script>
              <span class="suite-total-time">Total running time: 22 minutes</span>
              <div id="times-div-Suite">
              </div> <!-- times-div-Suite -->
            </div> <!-- times-div -->
          </div> <!-- main-panel-content rounded-window-bottom -->
        </div> <!-- panel -->
        <div panel-name="reporter-Suite" class="panel">
          <div class="main-panel-header rounded-window-top">
            <span class="header-content">Reporter output for Suite</span>
          </div> <!-- main-panel-header rounded-window-top -->
          <div class="main-panel-content rounded-window-bottom">
          </div> <!-- main-panel-content rounded-window-bottom -->
        </div> <!-- panel -->
        <div panel-name="ignored-methods-Suite" class="panel">
          <div class="main-panel-header rounded-window-top">
            <span class="header-content">0 ignored methods</span>
          </div> <!-- main-panel-header rounded-window-top -->
          <div class="main-panel-content rounded-window-bottom">
          </div> <!-- main-panel-content rounded-window-bottom -->
        </div> <!-- panel -->
        <div panel-name="chronological-Suite" class="panel">
          <div class="main-panel-header rounded-window-top">
            <span class="header-content">Methods in chronological order</span>
          </div> <!-- main-panel-header rounded-window-top -->
          <div class="main-panel-content rounded-window-bottom">
            <div class="chronological-class">
              <div class="chronological-class-name">New_property_Wadhghat.CMS_Test</div> <!-- chronological-class-name -->
              <div class="configuration-test before">
                <span class="method-name">beforetest</span>
                <span class="method-start">0 ms</span>
              </div> <!-- configuration-test before -->
              <div class="test-method">
                <span class="method-name">loginPage</span>
                <span class="method-start">2453 ms</span>
              </div> <!-- test-method -->
              <div class="configuration-method after">
                <span class="method-name">aftermethod([TestResult name=loginPage status=SUCCESS method=CMS_Test.loginPage()[pri:1, instance:New_property_W...)</span>
                <span class="method-start">35770 ms</span>
              </div> <!-- configuration-method after -->
              <div class="test-method">
                <span class="method-name">cmsPageWadhghat</span>
                <span class="method-start">36544 ms</span>
              </div> <!-- test-method -->
              <div class="configuration-method after">
                <span class="method-name">aftermethod([TestResult name=cmsPageWadhghat status=SUCCESS method=CMS_Test.cmsPageWadhghat()[pri:2, instance:Ne...)</span>
                <span class="method-start">57479 ms</span>
              </div> <!-- configuration-method after -->
              <div class="test-method">
                <span class="method-name">cmsRegisterPageWadhghat</span>
                <span class="method-start">57688 ms</span>
              </div> <!-- test-method -->
              <div class="configuration-method after">
                <span class="method-name">aftermethod([TestResult name=cmsRegisterPageWadhghat status=SUCCESS method=CMS_Test.cmsRegisterPageWadhghat()[pr...)</span>
                <span class="method-start">86419 ms</span>
              </div> <!-- configuration-method after -->
              <div class="test-method">
                <span class="method-name">cmsComplaintRegisterWadhghat</span>
                <span class="method-start">86664 ms</span>
              </div> <!-- test-method -->
              <div class="configuration-method after">
                <span class="method-name">aftermethod([TestResult name=cmsComplaintRegisterWadhghat status=SUCCESS method=CMS_Test.cmsComplaintRegisterWad...)</span>
                <span class="method-start">111284 ms</span>
              </div> <!-- configuration-method after -->
              <div class="test-method">
                <span class="method-name">searchComplaintWadhghat</span>
                <span class="method-start">111512 ms</span>
              </div> <!-- test-method -->
              <div class="configuration-method after">
                <span class="method-name">aftermethod([TestResult name=searchComplaintWadhghat status=SUCCESS method=CMS_Test.searchComplaintWadhghat()[pr...)</span>
                <span class="method-start">154596 ms</span>
              </div> <!-- configuration-method after -->
              <div class="test-method">
                <span class="method-name">Dataentry_owner_info</span>
                <span class="method-start">154811 ms</span>
              </div> <!-- test-method -->
              <div class="configuration-method after">
                <span class="method-name">aftermethod([TestResult name=Dataentry_owner_info status=SUCCESS method=CMS_Test.Dataentry_owner_info()[pri:6, i...)</span>
                <span class="method-start">199759 ms</span>
              </div> <!-- configuration-method after -->
              <div class="test-method">
                <span class="method-name">Dataentry_floor_info</span>
                <span class="method-start">199972 ms</span>
              </div> <!-- test-method -->
              <div class="configuration-method after">
                <span class="method-name">aftermethod([TestResult name=Dataentry_floor_info status=SUCCESS method=CMS_Test.Dataentry_floor_info()[pri:7, i...)</span>
                <span class="method-start">265968 ms</span>
              </div> <!-- configuration-method after -->
              <div class="test-method">
                <span class="method-name">OldTaxex_info</span>
                <span class="method-start">266154 ms</span>
              </div> <!-- test-method -->
              <div class="configuration-method after">
                <span class="method-name">aftermethod([TestResult name=OldTaxex_info status=SUCCESS method=CMS_Test.OldTaxex_info()[pri:8, instance:New_pr...)</span>
                <span class="method-start">360638 ms</span>
              </div> <!-- configuration-method after -->
              <div class="test-method">
                <span class="method-name">AddTaxes_and_UploadFiles</span>
                <span class="method-start">360906 ms</span>
              </div> <!-- test-method -->
              <div class="configuration-method after">
                <span class="method-name">aftermethod([TestResult name=AddTaxes_and_UploadFiles status=SUCCESS method=CMS_Test.AddTaxes_and_UploadFiles()[...)</span>
                <span class="method-start">518073 ms</span>
              </div> <!-- configuration-method after -->
              <div class="test-method">
                <span class="method-name">WadhghatApproval</span>
                <span class="method-start">518312 ms</span>
              </div> <!-- test-method -->
              <div class="configuration-method after">
                <span class="method-name">aftermethod([TestResult name=WadhghatApproval status=SUCCESS method=CMS_Test.WadhghatApproval()[pri:10, instance...)</span>
                <span class="method-start">554977 ms</span>
              </div> <!-- configuration-method after -->
              <div class="test-method">
                <span class="method-name">councilapproval</span>
                <span class="method-start">555215 ms</span>
              </div> <!-- test-method -->
              <div class="configuration-method after">
                <span class="method-name">aftermethod([TestResult name=councilapproval status=SUCCESS method=CMS_Test.councilapproval()[pri:11, instance:N...)</span>
                <span class="method-start">651701 ms</span>
              </div> <!-- configuration-method after -->
            </div> <!-- chronological-class -->
            <div class="chronological-class">
              <div class="chronological-class-name">Payments.alltypepayments</div> <!-- chronological-class-name -->
              <div class="test-method">
                <img src="failed.png">
                </img>
                <span class="method-name">CashPayment</span>
                <span class="method-start">652020 ms</span>
              </div> <!-- test-method -->
              <div class="configuration-method after">
                <span class="method-name">aftermethod([TestResult name=CashPayment status=FAILURE method=alltypepayments.CashPayment()[pri:2, instance:Pay...)</span>
                <span class="method-start">839313 ms</span>
              </div> <!-- configuration-method after -->
              <div class="test-method">
                <span class="method-name">chequePayment</span>
                <span class="method-start">839567 ms</span>
              </div> <!-- test-method -->
              <div class="configuration-method after">
                <span class="method-name">aftermethod([TestResult name=chequePayment status=SUCCESS method=alltypepayments.chequePayment()[pri:3, instance...)</span>
                <span class="method-start">929565 ms</span>
              </div> <!-- configuration-method after -->
              <div class="test-method">
                <span class="method-name">cheque_fail</span>
                <span class="method-start">929939 ms</span>
              </div> <!-- test-method -->
              <div class="configuration-method after">
                <span class="method-name">aftermethod([TestResult name=cheque_fail status=SUCCESS method=alltypepayments.cheque_fail()[pri:4, instance:Pay...)</span>
                <span class="method-start">1019399 ms</span>
              </div> <!-- configuration-method after -->
              <div class="test-method">
                <img src="failed.png">
                </img>
                <span class="method-name">AdvancePayment</span>
                <span class="method-start">1019604 ms</span>
              </div> <!-- test-method -->
              <div class="configuration-method after">
                <span class="method-name">aftermethod([TestResult name=AdvancePayment status=FAILURE method=alltypepayments.AdvancePayment()[pri:5, instan...)</span>
                <span class="method-start">1181842 ms</span>
              </div> <!-- configuration-method after -->
              <div class="configuration-test after">
                <span class="method-name">aftertest</span>
                <span class="method-start">1182095 ms</span>
              </div> <!-- configuration-test after -->
            </div> <!-- chronological-class -->
            <div class="chronological-class">
              <div class="chronological-class-name">Reports.CollectionReports</div> <!-- chronological-class-name -->
              <div class="test-method">
                <span class="method-name">collectiontest</span>
                <span class="method-start">1182220 ms</span>
              </div> <!-- test-method -->
              <div class="configuration-test after">
                <span class="method-name">tearDown</span>
                <span class="method-start">1254540 ms</span>
              </div> <!-- configuration-test after -->
            </div> <!-- chronological-class -->
            <div class="chronological-class">
              <div class="chronological-class-name">Reports.ReportEngine</div> <!-- chronological-class-name -->
              <div class="test-method">
                <span class="method-name">Notice_report</span>
                <span class="method-start">1254622 ms</span>
              </div> <!-- test-method -->
              <div class="test-method">
                <img src="failed.png">
                </img>
                <span class="method-name">Karakarni_report</span>
                <span class="method-start">1331083 ms</span>
              </div> <!-- test-method -->
              <div class="configuration-test after">
                <span class="method-name">tearDown</span>
                <span class="method-start">1383969 ms</span>
              </div> <!-- configuration-test after -->
          </div> <!-- main-panel-content rounded-window-bottom -->
        </div> <!-- panel -->
      </div> <!-- main-panel-root -->
    </div> <!-- wrapper -->
  </body>
<script type="text/javascript" src="testng-reports2.js"></script>
</html>
